0 verbose cli C:\Program Files\nodejs\node.exe C:\Users\user\AppData\Roaming\npm\node_modules\npm\bin\npm-cli.js
1 info using npm@9.3.1
2 info using node@v22.17.1
3 timing npm:load:whichnode Completed in 2ms
4 timing config:load:defaults Completed in 2ms
5 timing config:load:file:C:\Users\user\AppData\Roaming\npm\node_modules\npm\npmrc Completed in 9ms
6 timing config:load:builtin Completed in 10ms
7 timing config:load:cli Completed in 1ms
8 timing config:load:env Completed in 1ms
9 timing config:load:file:C:\projects\n8n-nodes-binance-plus\.npmrc Completed in 0ms
10 timing config:load:project Completed in 1ms
11 timing config:load:file:C:\Users\user\.npmrc Completed in 1ms
12 timing config:load:user Completed in 1ms
13 timing config:load:file:C:\Users\user\AppData\Roaming\npm\etc\npmrc Completed in 0ms
14 timing config:load:global Completed in 0ms
15 timing config:load:setEnvs Completed in 1ms
16 timing config:load Completed in 17ms
17 timing npm:load:configload Completed in 17ms
18 timing npm:load:mkdirpcache Completed in 1ms
19 timing npm:load:mkdirplogs Completed in 0ms
20 verbose title npm run lint
21 verbose argv "run" "lint" "--cache" "false"
22 timing npm:load:setTitle Completed in 1ms
23 timing config:load:flatten Completed in 2ms
24 timing npm:load:display Completed in 3ms
25 verbose logfile logs-max:10 dir:C:\projects\n8n-nodes-binance-plus\false\_logs\2025-08-16T18_18_35_172Z-
26 verbose logfile C:\projects\n8n-nodes-binance-plus\false\_logs\2025-08-16T18_18_35_172Z-debug-0.log
27 timing npm:load:logFile Completed in 4ms
28 timing npm:load:timers Completed in 0ms
29 timing npm:load:configScope Completed in 0ms
30 timing npm:load Completed in 28ms
31 silly logfile done cleaning log files
32 http fetch GET 200 https://registry.npmjs.org/npm 1256ms (cache miss)
33 timing command:run Completed in 2085ms
34 notice
34 notice New [31mmajor[39m version of npm available! [31m9.3.1[39m -> [32m11.5.2[39m
34 notice Changelog: [36mhttps://github.com/npm/cli/releases/tag/v11.5.2[39m
34 notice Run [32mnpm install -g npm@11.5.2[39m to update!
34 notice
35 verbose exit 2
36 timing npm Completed in 2132ms
37 verbose code 2
